c:\users\saulius\onedrive - vilniaus gedimino technikos universitetas\kursinis\laivu musis\laivu musis\debug\laivu musis.pch
c:\users\saulius\onedrive - vilniaus gedimino technikos universitetas\kursinis\laivu musis\laivu musis\debug\vc140.pdb
c:\users\saulius\onedrive - vilniaus gedimino technikos universitetas\kursinis\laivu musis\laivu musis\debug\vc140.idb
c:\users\saulius\onedrive - vilniaus gedimino technikos universitetas\kursinis\laivu musis\laivu musis\debug\stdafx.obj
c:\users\saulius\onedrive - vilniaus gedimino technikos universitetas\kursinis\laivu musis\laivu musis\debug\laivu musis.obj
c:\users\saulius\onedrive - vilniaus gedimino technikos universitetas\kursinis\laivu musis\debug\laivu musis.ilk
c:\users\saulius\onedrive - vilniaus gedimino technikos universitetas\kursinis\laivu musis\debug\laivu musis.exe
c:\users\saulius\onedrive - vilniaus gedimino technikos universitetas\kursinis\laivu musis\debug\laivu musis.pdb
c:\users\vygan\onedrive - vilniaus gedimino technikos universitetas\kursinis\laivu musis\laivu musis\debug\laivu musis.obj
c:\users\vygan\onedrive - vilniaus gedimino technikos universitetas\kursinis\laivu musis\laivu musis\debug\stdafx.obj
c:\users\vygan\onedrive - vilniaus gedimino technikos universitetas\kursinis\laivu musis\laivu musis\debug\laivu musis.obj.enc
c:\users\vygan\onedrive - vilniaus gedimino technikos universitetas\kursinis\laivu musis\laivu musis\debug\laivu musis.pch
c:\users\vygan\onedrive - vilniaus gedimino technikos universitetas\kursinis\laivu musis\laivu musis\debug\vc140.idb
c:\users\vygan\onedrive - vilniaus gedimino technikos universitetas\kursinis\laivu musis\laivu musis\debug\vc140.pdb
c:\users\vygan\onedrive - vilniaus gedimino technikos universitetas\kursinis\laivu musis\debug\laivu musis.pdb
c:\users\vygan\onedrive - vilniaus gedimino technikos universitetas\kursinis\laivu musis\debug\laivu musis.exe
c:\users\vygan\onedrive - vilniaus gedimino technikos universitetas\kursinis\laivu musis\debug\laivu musis.ilk
c:\users\vygan\onedrive - vilniaus gedimino technikos universitetas\kursinis\laivu musis\laivu musis\debug\laivu musis.tlog\cl.command.1.tlog
c:\users\vygan\onedrive - vilniaus gedimino technikos universitetas\kursinis\laivu musis\laivu musis\debug\laivu musis.tlog\cl.read.1.tlog
c:\users\vygan\onedrive - vilniaus gedimino technikos universitetas\kursinis\laivu musis\laivu musis\debug\laivu musis.tlog\cl.write.1.tlog
c:\users\vygan\onedrive - vilniaus gedimino technikos universitetas\kursinis\laivu musis\laivu musis\debug\laivu musis.tlog\link.command.1.tlog
c:\users\vygan\onedrive - vilniaus gedimino technikos universitetas\kursinis\laivu musis\laivu musis\debug\laivu musis.tlog\link.read.1.tlog
c:\users\vygan\onedrive - vilniaus gedimino technikos universitetas\kursinis\laivu musis\laivu musis\debug\laivu musis.tlog\link.write.1.tlog
